<?xml version="1.0" encoding="UTF-8"?>
<!-- Generated by org.testng.reporters.JUnitReportReporter -->
<testsuite hostname="LAPTOP-P3U9BJJF" failures="0" tests="2" name="com.ecom.app.mod1.AmazonLaunch" time="10.284" errors="0" timestamp="2024-08-01T17:25:27 IST" skipped="0">
  <testcase classname="com.ecom.app.mod1.AmazonLaunch" name="aHomepage" time="5.725"/>
  <system-out/>
  <testcase classname="com.ecom.app.mod1.AmazonLaunch" name="fHomepage" time="4.559"/>
  <system-out/>
</testsuite> <!-- com.ecom.app.mod1.AmazonLaunch -->
